<?xml version="1.0" encoding="UTF-8"?>
<!-- Generated by org.testng.reporters.JUnitReportReporter -->
<testsuite skipped="0" hostname="Smit" name="tests.MyTest" tests="1" failures="0" timestamp="08 Jul 2018 18:15:51 GMT" time="28.323" errors="0">
  <testcase name="hello" time="28.323" classname="tests.MyTest"/>
</testsuite> <!-- tests.MyTest -->
