<?xml version="1.0" encoding="UTF-8"?>
<!-- Generated by org.testng.reporters.JUnitReportReporter -->
<testsuite skipped="0" hostname="Smit" name="tests.prakhar1" tests="1" failures="0" timestamp="18 Jul 2018 16:25:30 GMT" time="0.498" errors="0">
  <testcase name="hello12" time="0.498" classname="tests.prakhar1"/>
</testsuite> <!-- tests.prakhar1 -->
