<?xml version="1.0" encoding="UTF-8"?>
<!-- Generated by org.testng.reporters.JUnitReportReporter -->
<testsuite skipped="0" hostname="Smit" name="tests.MyTest" tests="1" failures="0" timestamp="19 Jul 2018 19:33:14 GMT" time="31.076" errors="0">
  <testcase name="hello" time="31.076" classname="tests.MyTest"/>
</testsuite> <!-- tests.MyTest -->
